The target system is: Linux -  - arm
The host system is: Linux - 3.10.0-1160.el7.x86_64 - x86_64
Compiling the C compiler identification source file "CMakeCCompilerId.c" succeeded.
Compiler: /opt/software/gcc-linaro-5.4.1-2017.05-x86_64_arm-linux-gnueabihf/bin/arm-linux-gnueabihf-gcc 
Build flags: 
Id flags:  

The output was:
0


Compilation of the C compiler identification source "CMakeCCompilerId.c" produced "a.out"

The C compiler identification is GNU, found in "/opt/nna/intelfpga_sdk/lib/build/CMakeFiles/3.10.3/CompilerIdC/a.out"

Compiling the CXX compiler identification source file "CMakeCXXCompilerId.cpp" succeeded.
Compiler: /opt/software/gcc-linaro-5.4.1-2017.05-x86_64_arm-linux-gnueabihf/bin/arm-linux-gnueabihf-g++ 
Build flags: 
Id flags:  

The output was:
0


Compilation of the CXX compiler identification source "CMakeCXXCompilerId.cpp" produced "a.out"

The CXX compiler identification is GNU, found in "/opt/nna/intelfpga_sdk/lib/build/CMakeFiles/3.10.3/CompilerIdCXX/a.out"

Determining if the C compiler works passed with the following output:
Change Dir: /opt/nna/intelfpga_sdk/lib/build/CMakeFiles/CMakeTmp

Run Build Command:"/usr/bin/gmake" "cmTC_c29b9/fast"
/usr/bin/gmake -f CMakeFiles/cmTC_c29b9.dir/build.make CMakeFiles/cmTC_c29b9.dir/build
gmake[1]: Entering directory `/opt/nna/intelfpga_sdk/lib/build/CMakeFiles/CMakeTmp'
Building C object CMakeFiles/cmTC_c29b9.dir/testCCompiler.c.o
/opt/software/gcc-linaro-5.4.1-2017.05-x86_64_arm-linux-gnueabihf/bin/arm-linux-gnueabihf-gcc    -o CMakeFiles/cmTC_c29b9.dir/testCCompiler.c.o   -c /opt/nna/intelfpga_sdk/lib/build/CMakeFiles/CMakeTmp/testCCompiler.c
Linking C executable cmTC_c29b9
/opt/software/cmake-3.10.3-Linux-x86_64/bin/cmake -E cmake_link_script CMakeFiles/cmTC_c29b9.dir/link.txt --verbose=1
/opt/software/gcc-linaro-5.4.1-2017.05-x86_64_arm-linux-gnueabihf/bin/arm-linux-gnueabihf-gcc      CMakeFiles/cmTC_c29b9.dir/testCCompiler.c.o  -o cmTC_c29b9 
gmake[1]: Leaving directory `/opt/nna/intelfpga_sdk/lib/build/CMakeFiles/CMakeTmp'


Detecting C compiler ABI info compiled with the following output:
Change Dir: /opt/nna/intelfpga_sdk/lib/build/CMakeFiles/CMakeTmp

Run Build Command:"/usr/bin/gmake" "cmTC_5350b/fast"
/usr/bin/gmake -f CMakeFiles/cmTC_5350b.dir/build.make CMakeFiles/cmTC_5350b.dir/build
gmake[1]: Entering directory `/opt/nna/intelfpga_sdk/lib/build/CMakeFiles/CMakeTmp'
Building C object CMakeFiles/cmTC_5350b.dir/CMakeCCompilerABI.c.o
/opt/software/gcc-linaro-5.4.1-2017.05-x86_64_arm-linux-gnueabihf/bin/arm-linux-gnueabihf-gcc    -o CMakeFiles/cmTC_5350b.dir/CMakeCCompilerABI.c.o   -c /opt/software/cmake-3.10.3-Linux-x86_64/share/cmake-3.10/Modules/CMakeCCompilerABI.c
Linking C executable cmTC_5350b
/opt/software/cmake-3.10.3-Linux-x86_64/bin/cmake -E cmake_link_script CMakeFiles/cmTC_5350b.dir/link.txt --verbose=1
/opt/software/gcc-linaro-5.4.1-2017.05-x86_64_arm-linux-gnueabihf/bin/arm-linux-gnueabihf-gcc     -v CMakeFiles/cmTC_5350b.dir/CMakeCCompilerABI.c.o  -o cmTC_5350b 
Using built-in specs.
COLLECT_GCC=/opt/software/gcc-linaro-5.4.1-2017.05-x86_64_arm-linux-gnueabihf/bin/arm-linux-gnueabihf-gcc
COLLECT_LTO_WRAPPER=/opt/software/gcc-linaro-5.4.1-2017.05-x86_64_arm-linux-gnueabihf/bin/../libexec/gcc/arm-linux-gnueabihf/5.4.1/lto-wrapper
Target: arm-linux-gnueabihf
Configured with: '/home/tcwg-buildslave/workspace/tcwg-make-release/builder_arch/amd64/label/tcwg-x86_64-build/target/arm-linux-gnueabihf/snapshots/gcc.git~linaro-5.4-2017.05/configure' SHELL=/bin/bash --with-mpc=/home/tcwg-buildslave/workspace/tcwg-make-release/builder_arch/amd64/label/tcwg-x86_64-build/target/arm-linux-gnueabihf/_build/builds/destdir/x86_64-unknown-linux-gnu --with-mpfr=/home/tcwg-buildslave/workspace/tcwg-make-release/builder_arch/amd64/label/tcwg-x86_64-build/target/arm-linux-gnueabihf/_build/builds/destdir/x86_64-unknown-linux-gnu --with-gmp=/home/tcwg-buildslave/workspace/tcwg-make-release/builder_arch/amd64/label/tcwg-x86_64-build/target/arm-linux-gnueabihf/_build/builds/destdir/x86_64-unknown-linux-gnu --with-gnu-as --with-gnu-ld --disable-libmudflap --enable-lto --enable-shared --without-included-gettext --enable-nls --disable-sjlj-exceptions --enable-gnu-unique-object --enable-linker-build-id --disable-libstdcxx-pch --enable-c99 --enable-clocale=gnu --enable-libstdcxx-debug --enable-long-long --with-cloog=no --with-ppl=no --with-isl=no --disable-multilib --with-float=hard --with-fpu=vfpv3-d16 --with-mode=thumb --with-tune=cortex-a9 --with-arch=armv7-a --enable-threads=posix --enable-multiarch --enable-libstdcxx-time=yes --with-build-sysroot=/home/tcwg-buildslave/workspace/tcwg-make-release/builder_arch/amd64/label/tcwg-x86_64-build/target/arm-linux-gnueabihf/_build/sysroots/arm-linux-gnueabihf --with-sysroot=/home/tcwg-buildslave/workspace/tcwg-make-release/builder_arch/amd64/label/tcwg-x86_64-build/target/arm-linux-gnueabihf/_build/builds/destdir/x86_64-unknown-linux-gnu/arm-linux-gnueabihf/libc --enable-checking=release --disable-bootstrap --enable-languages=c,c++,fortran,lto --build=x86_64-unknown-linux-gnu --host=x86_64-unknown-linux-gnu --target=arm-linux-gnueabihf --prefix=/home/tcwg-buildslave/workspace/tcwg-make-release/builder_arch/amd64/label/tcwg-x86_64-build/target/arm-linux-gnueabihf/_build/builds/destdir/x86_64-unknown-linux-gnu
Thread model: posix
gcc version 5.4.1 20170404 (Linaro GCC 5.4-2017.05) 
COMPILER_PATH=/opt/software/gcc-linaro-5.4.1-2017.05-x86_64_arm-linux-gnueabihf/bin/../libexec/gcc/arm-linux-gnueabihf/5.4.1/:/opt/software/gcc-linaro-5.4.1-2017.05-x86_64_arm-linux-gnueabihf/bin/../libexec/gcc/arm-linux-gnueabihf/:/opt/software/gcc-linaro-5.4.1-2017.05-x86_64_arm-linux-gnueabihf/bin/../libexec/gcc/:/opt/software/gcc-linaro-5.4.1-2017.05-x86_64_arm-linux-gnueabihf/bin/../lib/gcc/arm-linux-gnueabihf/5.4.1/../../../../arm-linux-gnueabihf/bin/
LIBRARY_PATH=/opt/software/gcc-linaro-5.4.1-2017.05-x86_64_arm-linux-gnueabihf/bin/../lib/gcc/arm-linux-gnueabihf/5.4.1/:/opt/software/gcc-linaro-5.4.1-2017.05-x86_64_arm-linux-gnueabihf/bin/../lib/gcc/arm-linux-gnueabihf/:/opt/software/gcc-linaro-5.4.1-2017.05-x86_64_arm-linux-gnueabihf/bin/../lib/gcc/:/opt/software/gcc-linaro-5.4.1-2017.05-x86_64_arm-linux-gnueabihf/bin/../lib/gcc/arm-linux-gnueabihf/5.4.1/../../../../arm-linux-gnueabihf/lib/:/opt/software/gcc-linaro-5.4.1-2017.05-x86_64_arm-linux-gnueabihf/bin/../arm-linux-gnueabihf/libc/lib/:/opt/software/gcc-linaro-5.4.1-2017.05-x86_64_arm-linux-gnueabihf/bin/../arm-linux-gnueabihf/libc/usr/lib/
COLLECT_GCC_OPTIONS='-v' '-o' 'cmTC_5350b' '-march=armv7-a' '-mtune=cortex-a9' '-mfloat-abi=hard' '-mfpu=vfpv3-d16' '-mthumb' '-mtls-dialect=gnu'
 /opt/software/gcc-linaro-5.4.1-2017.05-x86_64_arm-linux-gnueabihf/bin/../libexec/gcc/arm-linux-gnueabihf/5.4.1/collect2 -plugin /opt/software/gcc-linaro-5.4.1-2017.05-x86_64_arm-linux-gnueabihf/bin/../libexec/gcc/arm-linux-gnueabihf/5.4.1/liblto_plugin.so -plugin-opt=/opt/software/gcc-linaro-5.4.1-2017.05-x86_64_arm-linux-gnueabihf/bin/../libexec/gcc/arm-linux-gnueabihf/5.4.1/lto-wrapper -plugin-opt=-fresolution=/tmp/ccXyfzl7.res -plugin-opt=-pass-through=-lgcc -plugin-opt=-pass-through=-lgcc_s -plugin-opt=-pass-through=-lc -plugin-opt=-pass-through=-lgcc -plugin-opt=-pass-through=-lgcc_s --sysroot=/opt/software/gcc-linaro-5.4.1-2017.05-x86_64_arm-linux-gnueabihf/bin/../arm-linux-gnueabihf/libc --build-id --eh-frame-hdr -dynamic-linker /lib/ld-linux-armhf.so.3 -X -m armelf_linux_eabi -o cmTC_5350b /opt/software/gcc-linaro-5.4.1-2017.05-x86_64_arm-linux-gnueabihf/bin/../arm-linux-gnueabihf/libc/usr/lib/crt1.o /opt/software/gcc-linaro-5.4.1-2017.05-x86_64_arm-linux-gnueabihf/bin/../arm-linux-gnueabihf/libc/usr/lib/crti.o /opt/software/gcc-linaro-5.4.1-2017.05-x86_64_arm-linux-gnueabihf/bin/../lib/gcc/arm-linux-gnueabihf/5.4.1/crtbegin.o -L/opt/software/gcc-linaro-5.4.1-2017.05-x86_64_arm-linux-gnueabihf/bin/../lib/gcc/arm-linux-gnueabihf/5.4.1 -L/opt/software/gcc-linaro-5.4.1-2017.05-x86_64_arm-linux-gnueabihf/bin/../lib/gcc/arm-linux-gnueabihf -L/opt/software/gcc-linaro-5.4.1-2017.05-x86_64_arm-linux-gnueabihf/bin/../lib/gcc -L/opt/software/gcc-linaro-5.4.1-2017.05-x86_64_arm-linux-gnueabihf/bin/../lib/gcc/arm-linux-gnueabihf/5.4.1/../../../../arm-linux-gnueabihf/lib -L/opt/software/gcc-linaro-5.4.1-2017.05-x86_64_arm-linux-gnueabihf/bin/../arm-linux-gnueabihf/libc/lib -L/opt/software/gcc-linaro-5.4.1-2017.05-x86_64_arm-linux-gnueabihf/bin/../arm-linux-gnueabihf/libc/usr/lib CMakeFiles/cmTC_5350b.dir/CMakeCCompilerABI.c.o -lgcc --as-needed -lgcc_s --no-as-needed -lc -lgcc --as-needed -lgcc_s --no-as-needed /opt/software/gcc-linaro-5.4.1-2017.05-x86_64_arm-linux-gnueabihf/bin/../lib/gcc/arm-linux-gnueabihf/5.4.1/crtend.o /opt/software/gcc-linaro-5.4.1-2017.05-x86_64_arm-linux-gnueabihf/bin/../arm-linux-gnueabihf/libc/usr/lib/crtn.o
gmake[1]: Leaving directory `/opt/nna/intelfpga_sdk/lib/build/CMakeFiles/CMakeTmp'


Parsed C implicit link information from above output:
  link line regex: [^( *|.*[/\])(arm-linux-gnueabihf-ld|CMAKE_LINK_STARTFILE-NOTFOUND|([^/\]+-)?ld|collect2)[^/\]*( |$)]
  ignore line: [Change Dir: /opt/nna/intelfpga_sdk/lib/build/CMakeFiles/CMakeTmp]
  ignore line: []
  ignore line: [Run Build Command:"/usr/bin/gmake" "cmTC_5350b/fast"]
  ignore line: [/usr/bin/gmake -f CMakeFiles/cmTC_5350b.dir/build.make CMakeFiles/cmTC_5350b.dir/build]
  ignore line: [gmake[1]: Entering directory `/opt/nna/intelfpga_sdk/lib/build/CMakeFiles/CMakeTmp']
  ignore line: [Building C object CMakeFiles/cmTC_5350b.dir/CMakeCCompilerABI.c.o]
  ignore line: [/opt/software/gcc-linaro-5.4.1-2017.05-x86_64_arm-linux-gnueabihf/bin/arm-linux-gnueabihf-gcc    -o CMakeFiles/cmTC_5350b.dir/CMakeCCompilerABI.c.o   -c /opt/software/cmake-3.10.3-Linux-x86_64/share/cmake-3.10/Modules/CMakeCCompilerABI.c]
  ignore line: [Linking C executable cmTC_5350b]
  ignore line: [/opt/software/cmake-3.10.3-Linux-x86_64/bin/cmake -E cmake_link_script CMakeFiles/cmTC_5350b.dir/link.txt --verbose=1]
  ignore line: [/opt/software/gcc-linaro-5.4.1-2017.05-x86_64_arm-linux-gnueabihf/bin/arm-linux-gnueabihf-gcc     -v CMakeFiles/cmTC_5350b.dir/CMakeCCompilerABI.c.o  -o cmTC_5350b ]
  ignore line: [Using built-in specs.]
  ignore line: [COLLECT_GCC=/opt/software/gcc-linaro-5.4.1-2017.05-x86_64_arm-linux-gnueabihf/bin/arm-linux-gnueabihf-gcc]
  ignore line: [COLLECT_LTO_WRAPPER=/opt/software/gcc-linaro-5.4.1-2017.05-x86_64_arm-linux-gnueabihf/bin/../libexec/gcc/arm-linux-gnueabihf/5.4.1/lto-wrapper]
  ignore line: [Target: arm-linux-gnueabihf]
  ignore line: [Configured with: '/home/tcwg-buildslave/workspace/tcwg-make-release/builder_arch/amd64/label/tcwg-x86_64-build/target/arm-linux-gnueabihf/snapshots/gcc.git~linaro-5.4-2017.05/configure' SHELL=/bin/bash --with-mpc=/home/tcwg-buildslave/workspace/tcwg-make-release/builder_arch/amd64/label/tcwg-x86_64-build/target/arm-linux-gnueabihf/_build/builds/destdir/x86_64-unknown-linux-gnu --with-mpfr=/home/tcwg-buildslave/workspace/tcwg-make-release/builder_arch/amd64/label/tcwg-x86_64-build/target/arm-linux-gnueabihf/_build/builds/destdir/x86_64-unknown-linux-gnu --with-gmp=/home/tcwg-buildslave/workspace/tcwg-make-release/builder_arch/amd64/label/tcwg-x86_64-build/target/arm-linux-gnueabihf/_build/builds/destdir/x86_64-unknown-linux-gnu --with-gnu-as --with-gnu-ld --disable-libmudflap --enable-lto --enable-shared --without-included-gettext --enable-nls --disable-sjlj-exceptions --enable-gnu-unique-object --enable-linker-build-id --disable-libstdcxx-pch --enable-c99 --enable-clocale=gnu --enable-libstdcxx-debug --enable-long-long --with-cloog=no --with-ppl=no --with-isl=no --disable-multilib --with-float=hard --with-fpu=vfpv3-d16 --with-mode=thumb --with-tune=cortex-a9 --with-arch=armv7-a --enable-threads=posix --enable-multiarch --enable-libstdcxx-time=yes --with-build-sysroot=/home/tcwg-buildslave/workspace/tcwg-make-release/builder_arch/amd64/label/tcwg-x86_64-build/target/arm-linux-gnueabihf/_build/sysroots/arm-linux-gnueabihf --with-sysroot=/home/tcwg-buildslave/workspace/tcwg-make-release/builder_arch/amd64/label/tcwg-x86_64-build/target/arm-linux-gnueabihf/_build/builds/destdir/x86_64-unknown-linux-gnu/arm-linux-gnueabihf/libc --enable-checking=release --disable-bootstrap --enable-languages=c,c++,fortran,lto --build=x86_64-unknown-linux-gnu --host=x86_64-unknown-linux-gnu --target=arm-linux-gnueabihf --prefix=/home/tcwg-buildslave/workspace/tcwg-make-release/builder_arch/amd64/label/tcwg-x86_64-build/target/arm-linux-gnueabihf/_build/builds/destdir/x86_64-unknown-linux-gnu]
  ignore line: [Thread model: posix]
  ignore line: [gcc version 5.4.1 20170404 (Linaro GCC 5.4-2017.05) ]
  ignore line: [COMPILER_PATH=/opt/software/gcc-linaro-5.4.1-2017.05-x86_64_arm-linux-gnueabihf/bin/../libexec/gcc/arm-linux-gnueabihf/5.4.1/:/opt/software/gcc-linaro-5.4.1-2017.05-x86_64_arm-linux-gnueabihf/bin/../libexec/gcc/arm-linux-gnueabihf/:/opt/software/gcc-linaro-5.4.1-2017.05-x86_64_arm-linux-gnueabihf/bin/../libexec/gcc/:/opt/software/gcc-linaro-5.4.1-2017.05-x86_64_arm-linux-gnueabihf/bin/../lib/gcc/arm-linux-gnueabihf/5.4.1/../../../../arm-linux-gnueabihf/bin/]
  ignore line: [LIBRARY_PATH=/opt/software/gcc-linaro-5.4.1-2017.05-x86_64_arm-linux-gnueabihf/bin/../lib/gcc/arm-linux-gnueabihf/5.4.1/:/opt/software/gcc-linaro-5.4.1-2017.05-x86_64_arm-linux-gnueabihf/bin/../lib/gcc/arm-linux-gnueabihf/:/opt/software/gcc-linaro-5.4.1-2017.05-x86_64_arm-linux-gnueabihf/bin/../lib/gcc/:/opt/software/gcc-linaro-5.4.1-2017.05-x86_64_arm-linux-gnueabihf/bin/../lib/gcc/arm-linux-gnueabihf/5.4.1/../../../../arm-linux-gnueabihf/lib/:/opt/software/gcc-linaro-5.4.1-2017.05-x86_64_arm-linux-gnueabihf/bin/../arm-linux-gnueabihf/libc/lib/:/opt/software/gcc-linaro-5.4.1-2017.05-x86_64_arm-linux-gnueabihf/bin/../arm-linux-gnueabihf/libc/usr/lib/]
  ignore line: [COLLECT_GCC_OPTIONS='-v' '-o' 'cmTC_5350b' '-march=armv7-a' '-mtune=cortex-a9' '-mfloat-abi=hard' '-mfpu=vfpv3-d16' '-mthumb' '-mtls-dialect=gnu']
  link line: [ /opt/software/gcc-linaro-5.4.1-2017.05-x86_64_arm-linux-gnueabihf/bin/../libexec/gcc/arm-linux-gnueabihf/5.4.1/collect2 -plugin /opt/software/gcc-linaro-5.4.1-2017.05-x86_64_arm-linux-gnueabihf/bin/../libexec/gcc/arm-linux-gnueabihf/5.4.1/liblto_plugin.so -plugin-opt=/opt/software/gcc-linaro-5.4.1-2017.05-x86_64_arm-linux-gnueabihf/bin/../libexec/gcc/arm-linux-gnueabihf/5.4.1/lto-wrapper -plugin-opt=-fresolution=/tmp/ccXyfzl7.res -plugin-opt=-pass-through=-lgcc -plugin-opt=-pass-through=-lgcc_s -plugin-opt=-pass-through=-lc -plugin-opt=-pass-through=-lgcc -plugin-opt=-pass-through=-lgcc_s --sysroot=/opt/software/gcc-linaro-5.4.1-2017.05-x86_64_arm-linux-gnueabihf/bin/../arm-linux-gnueabihf/libc --build-id --eh-frame-hdr -dynamic-linker /lib/ld-linux-armhf.so.3 -X -m armelf_linux_eabi -o cmTC_5350b /opt/software/gcc-linaro-5.4.1-2017.05-x86_64_arm-linux-gnueabihf/bin/../arm-linux-gnueabihf/libc/usr/lib/crt1.o /opt/software/gcc-linaro-5.4.1-2017.05-x86_64_arm-linux-gnueabihf/bin/../arm-linux-gnueabihf/libc/usr/lib/crti.o /opt/software/gcc-linaro-5.4.1-2017.05-x86_64_arm-linux-gnueabihf/bin/../lib/gcc/arm-linux-gnueabihf/5.4.1/crtbegin.o -L/opt/software/gcc-linaro-5.4.1-2017.05-x86_64_arm-linux-gnueabihf/bin/../lib/gcc/arm-linux-gnueabihf/5.4.1 -L/opt/software/gcc-linaro-5.4.1-2017.05-x86_64_arm-linux-gnueabihf/bin/../lib/gcc/arm-linux-gnueabihf -L/opt/software/gcc-linaro-5.4.1-2017.05-x86_64_arm-linux-gnueabihf/bin/../lib/gcc -L/opt/software/gcc-linaro-5.4.1-2017.05-x86_64_arm-linux-gnueabihf/bin/../lib/gcc/arm-linux-gnueabihf/5.4.1/../../../../arm-linux-gnueabihf/lib -L/opt/software/gcc-linaro-5.4.1-2017.05-x86_64_arm-linux-gnueabihf/bin/../arm-linux-gnueabihf/libc/lib -L/opt/software/gcc-linaro-5.4.1-2017.05-x86_64_arm-linux-gnueabihf/bin/../arm-linux-gnueabihf/libc/usr/lib CMakeFiles/cmTC_5350b.dir/CMakeCCompilerABI.c.o -lgcc --as-needed -lgcc_s --no-as-needed -lc -lgcc --as-needed -lgcc_s --no-as-needed /opt/software/gcc-linaro-5.4.1-2017.05-x86_64_arm-linux-gnueabihf/bin/../lib/gcc/arm-linux-gnueabihf/5.4.1/crtend.o /opt/software/gcc-linaro-5.4.1-2017.05-x86_64_arm-linux-gnueabihf/bin/../arm-linux-gnueabihf/libc/usr/lib/crtn.o]
    arg [/opt/software/gcc-linaro-5.4.1-2017.05-x86_64_arm-linux-gnueabihf/bin/../libexec/gcc/arm-linux-gnueabihf/5.4.1/collect2] ==> ignore
    arg [-plugin] ==> ignore
    arg [/opt/software/gcc-linaro-5.4.1-2017.05-x86_64_arm-linux-gnueabihf/bin/../libexec/gcc/arm-linux-gnueabihf/5.4.1/liblto_plugin.so] ==> ignore
    arg [-plugin-opt=/opt/software/gcc-linaro-5.4.1-2017.05-x86_64_arm-linux-gnueabihf/bin/../libexec/gcc/arm-linux-gnueabihf/5.4.1/lto-wrapper] ==> ignore
    arg [-plugin-opt=-fresolution=/tmp/ccXyfzl7.res] ==> ignore
    arg [-plugin-opt=-pass-through=-lgcc] ==> ignore
    arg [-plugin-opt=-pass-through=-lgcc_s] ==> ignore
    arg [-plugin-opt=-pass-through=-lc] ==> ignore
    arg [-plugin-opt=-pass-through=-lgcc] ==> ignore
    arg [-plugin-opt=-pass-through=-lgcc_s] ==> ignore
    arg [--sysroot=/opt/software/gcc-linaro-5.4.1-2017.05-x86_64_arm-linux-gnueabihf/bin/../arm-linux-gnueabihf/libc] ==> ignore
    arg [--build-id] ==> ignore
    arg [--eh-frame-hdr] ==> ignore
    arg [-dynamic-linker] ==> ignore
    arg [/lib/ld-linux-armhf.so.3] ==> ignore
    arg [-X] ==> ignore
    arg [-m] ==> ignore
    arg [armelf_linux_eabi] ==> ignore
    arg [-o] ==> ignore
    arg [cmTC_5350b] ==> ignore
    arg [/opt/software/gcc-linaro-5.4.1-2017.05-x86_64_arm-linux-gnueabihf/bin/../arm-linux-gnueabihf/libc/usr/lib/crt1.o] ==> ignore
    arg [/opt/software/gcc-linaro-5.4.1-2017.05-x86_64_arm-linux-gnueabihf/bin/../arm-linux-gnueabihf/libc/usr/lib/crti.o] ==> ignore
    arg [/opt/software/gcc-linaro-5.4.1-2017.05-x86_64_arm-linux-gnueabihf/bin/../lib/gcc/arm-linux-gnueabihf/5.4.1/crtbegin.o] ==> ignore
    arg [-L/opt/software/gcc-linaro-5.4.1-2017.05-x86_64_arm-linux-gnueabihf/bin/../lib/gcc/arm-linux-gnueabihf/5.4.1] ==> dir [/opt/software/gcc-linaro-5.4.1-2017.05-x86_64_arm-linux-gnueabihf/bin/../lib/gcc/arm-linux-gnueabihf/5.4.1]
    arg [-L/opt/software/gcc-linaro-5.4.1-2017.05-x86_64_arm-linux-gnueabihf/bin/../lib/gcc/arm-linux-gnueabihf] ==> dir [/opt/software/gcc-linaro-5.4.1-2017.05-x86_64_arm-linux-gnueabihf/bin/../lib/gcc/arm-linux-gnueabihf]
    arg [-L/opt/software/gcc-linaro-5.4.1-2017.05-x86_64_arm-linux-gnueabihf/bin/../lib/gcc] ==> dir [/opt/software/gcc-linaro-5.4.1-2017.05-x86_64_arm-linux-gnueabihf/bin/../lib/gcc]
    arg [-L/opt/software/gcc-linaro-5.4.1-2017.05-x86_64_arm-linux-gnueabihf/bin/../lib/gcc/arm-linux-gnueabihf/5.4.1/../../../../arm-linux-gnueabihf/lib] ==> dir [/opt/software/gcc-linaro-5.4.1-2017.05-x86_64_arm-linux-gnueabihf/bin/../lib/gcc/arm-linux-gnueabihf/5.4.1/../../../../arm-linux-gnueabihf/lib]
    arg [-L/opt/software/gcc-linaro-5.4.1-2017.05-x86_64_arm-linux-gnueabihf/bin/../arm-linux-gnueabihf/libc/lib] ==> dir [/opt/software/gcc-linaro-5.4.1-2017.05-x86_64_arm-linux-gnueabihf/bin/../arm-linux-gnueabihf/libc/lib]
    arg [-L/opt/software/gcc-linaro-5.4.1-2017.05-x86_64_arm-linux-gnueabihf/bin/../arm-linux-gnueabihf/libc/usr/lib] ==> dir [/opt/software/gcc-linaro-5.4.1-2017.05-x86_64_arm-linux-gnueabihf/bin/../arm-linux-gnueabihf/libc/usr/lib]
    arg [CMakeFiles/cmTC_5350b.dir/CMakeCCompilerABI.c.o] ==> ignore
    arg [-lgcc] ==> lib [gcc]
    arg [--as-needed] ==> ignore
    arg [-lgcc_s] ==> lib [gcc_s]
    arg [--no-as-needed] ==> ignore
    arg [-lc] ==> lib [c]
    arg [-lgcc] ==> lib [gcc]
    arg [--as-needed] ==> ignore
    arg [-lgcc_s] ==> lib [gcc_s]
    arg [--no-as-needed] ==> ignore
    arg [/opt/software/gcc-linaro-5.4.1-2017.05-x86_64_arm-linux-gnueabihf/bin/../lib/gcc/arm-linux-gnueabihf/5.4.1/crtend.o] ==> ignore
    arg [/opt/software/gcc-linaro-5.4.1-2017.05-x86_64_arm-linux-gnueabihf/bin/../arm-linux-gnueabihf/libc/usr/lib/crtn.o] ==> ignore
  collapse library dir [/opt/software/gcc-linaro-5.4.1-2017.05-x86_64_arm-linux-gnueabihf/bin/../lib/gcc/arm-linux-gnueabihf/5.4.1] ==> [/opt/software/gcc-linaro-5.4.1-2017.05-x86_64_arm-linux-gnueabihf/lib/gcc/arm-linux-gnueabihf/5.4.1]
  collapse library dir [/opt/software/gcc-linaro-5.4.1-2017.05-x86_64_arm-linux-gnueabihf/bin/../lib/gcc/arm-linux-gnueabihf] ==> [/opt/software/gcc-linaro-5.4.1-2017.05-x86_64_arm-linux-gnueabihf/lib/gcc/arm-linux-gnueabihf]
  collapse library dir [/opt/software/gcc-linaro-5.4.1-2017.05-x86_64_arm-linux-gnueabihf/bin/../lib/gcc] ==> [/opt/software/gcc-linaro-5.4.1-2017.05-x86_64_arm-linux-gnueabihf/lib/gcc]
  collapse library dir [/opt/software/gcc-linaro-5.4.1-2017.05-x86_64_arm-linux-gnueabihf/bin/../lib/gcc/arm-linux-gnueabihf/5.4.1/../../../../arm-linux-gnueabihf/lib] ==> [/opt/software/gcc-linaro-5.4.1-2017.05-x86_64_arm-linux-gnueabihf/arm-linux-gnueabihf/lib]
  collapse library dir [/opt/software/gcc-linaro-5.4.1-2017.05-x86_64_arm-linux-gnueabihf/bin/../arm-linux-gnueabihf/libc/lib] ==> [/opt/software/gcc-linaro-5.4.1-2017.05-x86_64_arm-linux-gnueabihf/arm-linux-gnueabihf/libc/lib]
  collapse library dir [/opt/software/gcc-linaro-5.4.1-2017.05-x86_64_arm-linux-gnueabihf/bin/../arm-linux-gnueabihf/libc/usr/lib] ==> [/opt/software/gcc-linaro-5.4.1-2017.05-x86_64_arm-linux-gnueabihf/arm-linux-gnueabihf/libc/usr/lib]
  implicit libs: [gcc;gcc_s;c;gcc;gcc_s]
  implicit dirs: [/opt/software/gcc-linaro-5.4.1-2017.05-x86_64_arm-linux-gnueabihf/lib/gcc/arm-linux-gnueabihf/5.4.1;/opt/software/gcc-linaro-5.4.1-2017.05-x86_64_arm-linux-gnueabihf/lib/gcc/arm-linux-gnueabihf;/opt/software/gcc-linaro-5.4.1-2017.05-x86_64_arm-linux-gnueabihf/lib/gcc;/opt/software/gcc-linaro-5.4.1-2017.05-x86_64_arm-linux-gnueabihf/arm-linux-gnueabihf/lib;/opt/software/gcc-linaro-5.4.1-2017.05-x86_64_arm-linux-gnueabihf/arm-linux-gnueabihf/libc/lib;/opt/software/gcc-linaro-5.4.1-2017.05-x86_64_arm-linux-gnueabihf/arm-linux-gnueabihf/libc/usr/lib]
  implicit fwks: []




Detecting C [-std=c11] compiler features compiled with the following output:
Change Dir: /opt/nna/intelfpga_sdk/lib/build/CMakeFiles/CMakeTmp

Run Build Command:"/usr/bin/gmake" "cmTC_78bff/fast"
/usr/bin/gmake -f CMakeFiles/cmTC_78bff.dir/build.make CMakeFiles/cmTC_78bff.dir/build
gmake[1]: Entering directory `/opt/nna/intelfpga_sdk/lib/build/CMakeFiles/CMakeTmp'
Building C object CMakeFiles/cmTC_78bff.dir/feature_tests.c.o
/opt/software/gcc-linaro-5.4.1-2017.05-x86_64_arm-linux-gnueabihf/bin/arm-linux-gnueabihf-gcc   -std=c11 -o CMakeFiles/cmTC_78bff.dir/feature_tests.c.o   -c /opt/nna/intelfpga_sdk/lib/build/CMakeFiles/feature_tests.c
Linking C executable cmTC_78bff
/opt/software/cmake-3.10.3-Linux-x86_64/bin/cmake -E cmake_link_script CMakeFiles/cmTC_78bff.dir/link.txt --verbose=1
/opt/software/gcc-linaro-5.4.1-2017.05-x86_64_arm-linux-gnueabihf/bin/arm-linux-gnueabihf-gcc      CMakeFiles/cmTC_78bff.dir/feature_tests.c.o  -o cmTC_78bff 
gmake[1]: Leaving directory `/opt/nna/intelfpga_sdk/lib/build/CMakeFiles/CMakeTmp'


    Feature record: C_FEATURE:1c_function_prototypes
    Feature record: C_FEATURE:1c_restrict
    Feature record: C_FEATURE:1c_static_assert
    Feature record: C_FEATURE:1c_variadic_macros


Detecting C [-std=c99] compiler features compiled with the following output:
Change Dir: /opt/nna/intelfpga_sdk/lib/build/CMakeFiles/CMakeTmp

Run Build Command:"/usr/bin/gmake" "cmTC_62156/fast"
/usr/bin/gmake -f CMakeFiles/cmTC_62156.dir/build.make CMakeFiles/cmTC_62156.dir/build
gmake[1]: Entering directory `/opt/nna/intelfpga_sdk/lib/build/CMakeFiles/CMakeTmp'
Building C object CMakeFiles/cmTC_62156.dir/feature_tests.c.o
/opt/software/gcc-linaro-5.4.1-2017.05-x86_64_arm-linux-gnueabihf/bin/arm-linux-gnueabihf-gcc   -std=c99 -o CMakeFiles/cmTC_62156.dir/feature_tests.c.o   -c /opt/nna/intelfpga_sdk/lib/build/CMakeFiles/feature_tests.c
Linking C executable cmTC_62156
/opt/software/cmake-3.10.3-Linux-x86_64/bin/cmake -E cmake_link_script CMakeFiles/cmTC_62156.dir/link.txt --verbose=1
/opt/software/gcc-linaro-5.4.1-2017.05-x86_64_arm-linux-gnueabihf/bin/arm-linux-gnueabihf-gcc      CMakeFiles/cmTC_62156.dir/feature_tests.c.o  -o cmTC_62156 
gmake[1]: Leaving directory `/opt/nna/intelfpga_sdk/lib/build/CMakeFiles/CMakeTmp'


    Feature record: C_FEATURE:1c_function_prototypes
    Feature record: C_FEATURE:1c_restrict
    Feature record: C_FEATURE:0c_static_assert
    Feature record: C_FEATURE:1c_variadic_macros


Detecting C [-std=c90] compiler features compiled with the following output:
Change Dir: /opt/nna/intelfpga_sdk/lib/build/CMakeFiles/CMakeTmp

Run Build Command:"/usr/bin/gmake" "cmTC_27dfd/fast"
/usr/bin/gmake -f CMakeFiles/cmTC_27dfd.dir/build.make CMakeFiles/cmTC_27dfd.dir/build
gmake[1]: Entering directory `/opt/nna/intelfpga_sdk/lib/build/CMakeFiles/CMakeTmp'
Building C object CMakeFiles/cmTC_27dfd.dir/feature_tests.c.o
/opt/software/gcc-linaro-5.4.1-2017.05-x86_64_arm-linux-gnueabihf/bin/arm-linux-gnueabihf-gcc   -std=c90 -o CMakeFiles/cmTC_27dfd.dir/feature_tests.c.o   -c /opt/nna/intelfpga_sdk/lib/build/CMakeFiles/feature_tests.c
Linking C executable cmTC_27dfd
/opt/software/cmake-3.10.3-Linux-x86_64/bin/cmake -E cmake_link_script CMakeFiles/cmTC_27dfd.dir/link.txt --verbose=1
/opt/software/gcc-linaro-5.4.1-2017.05-x86_64_arm-linux-gnueabihf/bin/arm-linux-gnueabihf-gcc      CMakeFiles/cmTC_27dfd.dir/feature_tests.c.o  -o cmTC_27dfd 
gmake[1]: Leaving directory `/opt/nna/intelfpga_sdk/lib/build/CMakeFiles/CMakeTmp'


    Feature record: C_FEATURE:1c_function_prototypes
    Feature record: C_FEATURE:0c_restrict
    Feature record: C_FEATURE:0c_static_assert
    Feature record: C_FEATURE:0c_variadic_macros
Determining if the CXX compiler works passed with the following output:
Change Dir: /opt/nna/intelfpga_sdk/lib/build/CMakeFiles/CMakeTmp

Run Build Command:"/usr/bin/gmake" "cmTC_945dd/fast"
/usr/bin/gmake -f CMakeFiles/cmTC_945dd.dir/build.make CMakeFiles/cmTC_945dd.dir/build
gmake[1]: Entering directory `/opt/nna/intelfpga_sdk/lib/build/CMakeFiles/CMakeTmp'
Building CXX object CMakeFiles/cmTC_945dd.dir/testCXXCompiler.cxx.o
/opt/software/gcc-linaro-5.4.1-2017.05-x86_64_arm-linux-gnueabihf/bin/arm-linux-gnueabihf-g++     -o CMakeFiles/cmTC_945dd.dir/testCXXCompiler.cxx.o -c /opt/nna/intelfpga_sdk/lib/build/CMakeFiles/CMakeTmp/testCXXCompiler.cxx
Linking CXX executable cmTC_945dd
/opt/software/cmake-3.10.3-Linux-x86_64/bin/cmake -E cmake_link_script CMakeFiles/cmTC_945dd.dir/link.txt --verbose=1
/opt/software/gcc-linaro-5.4.1-2017.05-x86_64_arm-linux-gnueabihf/bin/arm-linux-gnueabihf-g++       CMakeFiles/cmTC_945dd.dir/testCXXCompiler.cxx.o  -o cmTC_945dd 
gmake[1]: Leaving directory `/opt/nna/intelfpga_sdk/lib/build/CMakeFiles/CMakeTmp'


Detecting CXX compiler ABI info compiled with the following output:
Change Dir: /opt/nna/intelfpga_sdk/lib/build/CMakeFiles/CMakeTmp

Run Build Command:"/usr/bin/gmake" "cmTC_d3858/fast"
/usr/bin/gmake -f CMakeFiles/cmTC_d3858.dir/build.make CMakeFiles/cmTC_d3858.dir/build
gmake[1]: Entering directory `/opt/nna/intelfpga_sdk/lib/build/CMakeFiles/CMakeTmp'
Building CXX object CMakeFiles/cmTC_d3858.dir/CMakeCXXCompilerABI.cpp.o
/opt/software/gcc-linaro-5.4.1-2017.05-x86_64_arm-linux-gnueabihf/bin/arm-linux-gnueabihf-g++     -o CMakeFiles/cmTC_d3858.dir/CMakeCXXCompilerABI.cpp.o -c /opt/software/cmake-3.10.3-Linux-x86_64/share/cmake-3.10/Modules/CMakeCXXCompilerABI.cpp
Linking CXX executable cmTC_d3858
/opt/software/cmake-3.10.3-Linux-x86_64/bin/cmake -E cmake_link_script CMakeFiles/cmTC_d3858.dir/link.txt --verbose=1
/opt/software/gcc-linaro-5.4.1-2017.05-x86_64_arm-linux-gnueabihf/bin/arm-linux-gnueabihf-g++      -v CMakeFiles/cmTC_d3858.dir/CMakeCXXCompilerABI.cpp.o  -o cmTC_d3858 
Using built-in specs.
COLLECT_GCC=/opt/software/gcc-linaro-5.4.1-2017.05-x86_64_arm-linux-gnueabihf/bin/arm-linux-gnueabihf-g++
COLLECT_LTO_WRAPPER=/opt/software/gcc-linaro-5.4.1-2017.05-x86_64_arm-linux-gnueabihf/bin/../libexec/gcc/arm-linux-gnueabihf/5.4.1/lto-wrapper
Target: arm-linux-gnueabihf
Configured with: '/home/tcwg-buildslave/workspace/tcwg-make-release/builder_arch/amd64/label/tcwg-x86_64-build/target/arm-linux-gnueabihf/snapshots/gcc.git~linaro-5.4-2017.05/configure' SHELL=/bin/bash --with-mpc=/home/tcwg-buildslave/workspace/tcwg-make-release/builder_arch/amd64/label/tcwg-x86_64-build/target/arm-linux-gnueabihf/_build/builds/destdir/x86_64-unknown-linux-gnu --with-mpfr=/home/tcwg-buildslave/workspace/tcwg-make-release/builder_arch/amd64/label/tcwg-x86_64-build/target/arm-linux-gnueabihf/_build/builds/destdir/x86_64-unknown-linux-gnu --with-gmp=/home/tcwg-buildslave/workspace/tcwg-make-release/builder_arch/amd64/label/tcwg-x86_64-build/target/arm-linux-gnueabihf/_build/builds/destdir/x86_64-unknown-linux-gnu --with-gnu-as --with-gnu-ld --disable-libmudflap --enable-lto --enable-shared --without-included-gettext --enable-nls --disable-sjlj-exceptions --enable-gnu-unique-object --enable-linker-build-id --disable-libstdcxx-pch --enable-c99 --enable-clocale=gnu --enable-libstdcxx-debug --enable-long-long --with-cloog=no --with-ppl=no --with-isl=no --disable-multilib --with-float=hard --with-fpu=vfpv3-d16 --with-mode=thumb --with-tune=cortex-a9 --with-arch=armv7-a --enable-threads=posix --enable-multiarch --enable-libstdcxx-time=yes --with-build-sysroot=/home/tcwg-buildslave/workspace/tcwg-make-release/builder_arch/amd64/label/tcwg-x86_64-build/target/arm-linux-gnueabihf/_build/sysroots/arm-linux-gnueabihf --with-sysroot=/home/tcwg-buildslave/workspace/tcwg-make-release/builder_arch/amd64/label/tcwg-x86_64-build/target/arm-linux-gnueabihf/_build/builds/destdir/x86_64-unknown-linux-gnu/arm-linux-gnueabihf/libc --enable-checking=release --disable-bootstrap --enable-languages=c,c++,fortran,lto --build=x86_64-unknown-linux-gnu --host=x86_64-unknown-linux-gnu --target=arm-linux-gnueabihf --prefix=/home/tcwg-buildslave/workspace/tcwg-make-release/builder_arch/amd64/label/tcwg-x86_64-build/target/arm-linux-gnueabihf/_build/builds/destdir/x86_64-unknown-linux-gnu
Thread model: posix
gcc version 5.4.1 20170404 (Linaro GCC 5.4-2017.05) 
COMPILER_PATH=/opt/software/gcc-linaro-5.4.1-2017.05-x86_64_arm-linux-gnueabihf/bin/../libexec/gcc/arm-linux-gnueabihf/5.4.1/:/opt/software/gcc-linaro-5.4.1-2017.05-x86_64_arm-linux-gnueabihf/bin/../libexec/gcc/arm-linux-gnueabihf/:/opt/software/gcc-linaro-5.4.1-2017.05-x86_64_arm-linux-gnueabihf/bin/../libexec/gcc/:/opt/software/gcc-linaro-5.4.1-2017.05-x86_64_arm-linux-gnueabihf/bin/../lib/gcc/arm-linux-gnueabihf/5.4.1/../../../../arm-linux-gnueabihf/bin/
LIBRARY_PATH=/opt/software/gcc-linaro-5.4.1-2017.05-x86_64_arm-linux-gnueabihf/bin/../lib/gcc/arm-linux-gnueabihf/5.4.1/:/opt/software/gcc-linaro-5.4.1-2017.05-x86_64_arm-linux-gnueabihf/bin/../lib/gcc/arm-linux-gnueabihf/:/opt/software/gcc-linaro-5.4.1-2017.05-x86_64_arm-linux-gnueabihf/bin/../lib/gcc/:/opt/software/gcc-linaro-5.4.1-2017.05-x86_64_arm-linux-gnueabihf/bin/../lib/gcc/arm-linux-gnueabihf/5.4.1/../../../../arm-linux-gnueabihf/lib/:/opt/software/gcc-linaro-5.4.1-2017.05-x86_64_arm-linux-gnueabihf/bin/../arm-linux-gnueabihf/libc/lib/:/opt/software/gcc-linaro-5.4.1-2017.05-x86_64_arm-linux-gnueabihf/bin/../arm-linux-gnueabihf/libc/usr/lib/
COLLECT_GCC_OPTIONS='-v' '-o' 'cmTC_d3858' '-shared-libgcc' '-march=armv7-a' '-mtune=cortex-a9' '-mfloat-abi=hard' '-mfpu=vfpv3-d16' '-mthumb' '-mtls-dialect=gnu'
 /opt/software/gcc-linaro-5.4.1-2017.05-x86_64_arm-linux-gnueabihf/bin/../libexec/gcc/arm-linux-gnueabihf/5.4.1/collect2 -plugin /opt/software/gcc-linaro-5.4.1-2017.05-x86_64_arm-linux-gnueabihf/bin/../libexec/gcc/arm-linux-gnueabihf/5.4.1/liblto_plugin.so -plugin-opt=/opt/software/gcc-linaro-5.4.1-2017.05-x86_64_arm-linux-gnueabihf/bin/../libexec/gcc/arm-linux-gnueabihf/5.4.1/lto-wrapper -plugin-opt=-fresolution=/tmp/ccJWP8Js.res -plugin-opt=-pass-through=-lgcc_s -plugin-opt=-pass-through=-lgcc -plugin-opt=-pass-through=-lc -plugin-opt=-pass-through=-lgcc_s -plugin-opt=-pass-through=-lgcc --sysroot=/opt/software/gcc-linaro-5.4.1-2017.05-x86_64_arm-linux-gnueabihf/bin/../arm-linux-gnueabihf/libc --build-id --eh-frame-hdr -dynamic-linker /lib/ld-linux-armhf.so.3 -X -m armelf_linux_eabi -o cmTC_d3858 /opt/software/gcc-linaro-5.4.1-2017.05-x86_64_arm-linux-gnueabihf/bin/../arm-linux-gnueabihf/libc/usr/lib/crt1.o /opt/software/gcc-linaro-5.4.1-2017.05-x86_64_arm-linux-gnueabihf/bin/../arm-linux-gnueabihf/libc/usr/lib/crti.o /opt/software/gcc-linaro-5.4.1-2017.05-x86_64_arm-linux-gnueabihf/bin/../lib/gcc/arm-linux-gnueabihf/5.4.1/crtbegin.o -L/opt/software/gcc-linaro-5.4.1-2017.05-x86_64_arm-linux-gnueabihf/bin/../lib/gcc/arm-linux-gnueabihf/5.4.1 -L/opt/software/gcc-linaro-5.4.1-2017.05-x86_64_arm-linux-gnueabihf/bin/../lib/gcc/arm-linux-gnueabihf -L/opt/software/gcc-linaro-5.4.1-2017.05-x86_64_arm-linux-gnueabihf/bin/../lib/gcc -L/opt/software/gcc-linaro-5.4.1-2017.05-x86_64_arm-linux-gnueabihf/bin/../lib/gcc/arm-linux-gnueabihf/5.4.1/../../../../arm-linux-gnueabihf/lib -L/opt/software/gcc-linaro-5.4.1-2017.05-x86_64_arm-linux-gnueabihf/bin/../arm-linux-gnueabihf/libc/lib -L/opt/software/gcc-linaro-5.4.1-2017.05-x86_64_arm-linux-gnueabihf/bin/../arm-linux-gnueabihf/libc/usr/lib CMakeFiles/cmTC_d3858.dir/CMakeCXXCompilerABI.cpp.o -lstdc++ -lm -lgcc_s -lgcc -lc -lgcc_s -lgcc /opt/software/gcc-linaro-5.4.1-2017.05-x86_64_arm-linux-gnueabihf/bin/../lib/gcc/arm-linux-gnueabihf/5.4.1/crtend.o /opt/software/gcc-linaro-5.4.1-2017.05-x86_64_arm-linux-gnueabihf/bin/../arm-linux-gnueabihf/libc/usr/lib/crtn.o
gmake[1]: Leaving directory `/opt/nna/intelfpga_sdk/lib/build/CMakeFiles/CMakeTmp'


Parsed CXX implicit link information from above output:
  link line regex: [^( *|.*[/\])(arm-linux-gnueabihf-ld|CMAKE_LINK_STARTFILE-NOTFOUND|([^/\]+-)?ld|collect2)[^/\]*( |$)]
  ignore line: [Change Dir: /opt/nna/intelfpga_sdk/lib/build/CMakeFiles/CMakeTmp]
  ignore line: []
  ignore line: [Run Build Command:"/usr/bin/gmake" "cmTC_d3858/fast"]
  ignore line: [/usr/bin/gmake -f CMakeFiles/cmTC_d3858.dir/build.make CMakeFiles/cmTC_d3858.dir/build]
  ignore line: [gmake[1]: Entering directory `/opt/nna/intelfpga_sdk/lib/build/CMakeFiles/CMakeTmp']
  ignore line: [Building CXX object CMakeFiles/cmTC_d3858.dir/CMakeCXXCompilerABI.cpp.o]
  ignore line: [/opt/software/gcc-linaro-5.4.1-2017.05-x86_64_arm-linux-gnueabihf/bin/arm-linux-gnueabihf-g++     -o CMakeFiles/cmTC_d3858.dir/CMakeCXXCompilerABI.cpp.o -c /opt/software/cmake-3.10.3-Linux-x86_64/share/cmake-3.10/Modules/CMakeCXXCompilerABI.cpp]
  ignore line: [Linking CXX executable cmTC_d3858]
  ignore line: [/opt/software/cmake-3.10.3-Linux-x86_64/bin/cmake -E cmake_link_script CMakeFiles/cmTC_d3858.dir/link.txt --verbose=1]
  ignore line: [/opt/software/gcc-linaro-5.4.1-2017.05-x86_64_arm-linux-gnueabihf/bin/arm-linux-gnueabihf-g++      -v CMakeFiles/cmTC_d3858.dir/CMakeCXXCompilerABI.cpp.o  -o cmTC_d3858 ]
  ignore line: [Using built-in specs.]
  ignore line: [COLLECT_GCC=/opt/software/gcc-linaro-5.4.1-2017.05-x86_64_arm-linux-gnueabihf/bin/arm-linux-gnueabihf-g++]
  ignore line: [COLLECT_LTO_WRAPPER=/opt/software/gcc-linaro-5.4.1-2017.05-x86_64_arm-linux-gnueabihf/bin/../libexec/gcc/arm-linux-gnueabihf/5.4.1/lto-wrapper]
  ignore line: [Target: arm-linux-gnueabihf]
  ignore line: [Configured with: '/home/tcwg-buildslave/workspace/tcwg-make-release/builder_arch/amd64/label/tcwg-x86_64-build/target/arm-linux-gnueabihf/snapshots/gcc.git~linaro-5.4-2017.05/configure' SHELL=/bin/bash --with-mpc=/home/tcwg-buildslave/workspace/tcwg-make-release/builder_arch/amd64/label/tcwg-x86_64-build/target/arm-linux-gnueabihf/_build/builds/destdir/x86_64-unknown-linux-gnu --with-mpfr=/home/tcwg-buildslave/workspace/tcwg-make-release/builder_arch/amd64/label/tcwg-x86_64-build/target/arm-linux-gnueabihf/_build/builds/destdir/x86_64-unknown-linux-gnu --with-gmp=/home/tcwg-buildslave/workspace/tcwg-make-release/builder_arch/amd64/label/tcwg-x86_64-build/target/arm-linux-gnueabihf/_build/builds/destdir/x86_64-unknown-linux-gnu --with-gnu-as --with-gnu-ld --disable-libmudflap --enable-lto --enable-shared --without-included-gettext --enable-nls --disable-sjlj-exceptions --enable-gnu-unique-object --enable-linker-build-id --disable-libstdcxx-pch --enable-c99 --enable-clocale=gnu --enable-libstdcxx-debug --enable-long-long --with-cloog=no --with-ppl=no --with-isl=no --disable-multilib --with-float=hard --with-fpu=vfpv3-d16 --with-mode=thumb --with-tune=cortex-a9 --with-arch=armv7-a --enable-threads=posix --enable-multiarch --enable-libstdcxx-time=yes --with-build-sysroot=/home/tcwg-buildslave/workspace/tcwg-make-release/builder_arch/amd64/label/tcwg-x86_64-build/target/arm-linux-gnueabihf/_build/sysroots/arm-linux-gnueabihf --with-sysroot=/home/tcwg-buildslave/workspace/tcwg-make-release/builder_arch/amd64/label/tcwg-x86_64-build/target/arm-linux-gnueabihf/_build/builds/destdir/x86_64-unknown-linux-gnu/arm-linux-gnueabihf/libc --enable-checking=release --disable-bootstrap --enable-languages=c,c++,fortran,lto --build=x86_64-unknown-linux-gnu --host=x86_64-unknown-linux-gnu --target=arm-linux-gnueabihf --prefix=/home/tcwg-buildslave/workspace/tcwg-make-release/builder_arch/amd64/label/tcwg-x86_64-build/target/arm-linux-gnueabihf/_build/builds/destdir/x86_64-unknown-linux-gnu]
  ignore line: [Thread model: posix]
  ignore line: [gcc version 5.4.1 20170404 (Linaro GCC 5.4-2017.05) ]
  ignore line: [COMPILER_PATH=/opt/software/gcc-linaro-5.4.1-2017.05-x86_64_arm-linux-gnueabihf/bin/../libexec/gcc/arm-linux-gnueabihf/5.4.1/:/opt/software/gcc-linaro-5.4.1-2017.05-x86_64_arm-linux-gnueabihf/bin/../libexec/gcc/arm-linux-gnueabihf/:/opt/software/gcc-linaro-5.4.1-2017.05-x86_64_arm-linux-gnueabihf/bin/../libexec/gcc/:/opt/software/gcc-linaro-5.4.1-2017.05-x86_64_arm-linux-gnueabihf/bin/../lib/gcc/arm-linux-gnueabihf/5.4.1/../../../../arm-linux-gnueabihf/bin/]
  ignore line: [LIBRARY_PATH=/opt/software/gcc-linaro-5.4.1-2017.05-x86_64_arm-linux-gnueabihf/bin/../lib/gcc/arm-linux-gnueabihf/5.4.1/:/opt/software/gcc-linaro-5.4.1-2017.05-x86_64_arm-linux-gnueabihf/bin/../lib/gcc/arm-linux-gnueabihf/:/opt/software/gcc-linaro-5.4.1-2017.05-x86_64_arm-linux-gnueabihf/bin/../lib/gcc/:/opt/software/gcc-linaro-5.4.1-2017.05-x86_64_arm-linux-gnueabihf/bin/../lib/gcc/arm-linux-gnueabihf/5.4.1/../../../../arm-linux-gnueabihf/lib/:/opt/software/gcc-linaro-5.4.1-2017.05-x86_64_arm-linux-gnueabihf/bin/../arm-linux-gnueabihf/libc/lib/:/opt/software/gcc-linaro-5.4.1-2017.05-x86_64_arm-linux-gnueabihf/bin/../arm-linux-gnueabihf/libc/usr/lib/]
  ignore line: [COLLECT_GCC_OPTIONS='-v' '-o' 'cmTC_d3858' '-shared-libgcc' '-march=armv7-a' '-mtune=cortex-a9' '-mfloat-abi=hard' '-mfpu=vfpv3-d16' '-mthumb' '-mtls-dialect=gnu']
  link line: [ /opt/software/gcc-linaro-5.4.1-2017.05-x86_64_arm-linux-gnueabihf/bin/../libexec/gcc/arm-linux-gnueabihf/5.4.1/collect2 -plugin /opt/software/gcc-linaro-5.4.1-2017.05-x86_64_arm-linux-gnueabihf/bin/../libexec/gcc/arm-linux-gnueabihf/5.4.1/liblto_plugin.so -plugin-opt=/opt/software/gcc-linaro-5.4.1-2017.05-x86_64_arm-linux-gnueabihf/bin/../libexec/gcc/arm-linux-gnueabihf/5.4.1/lto-wrapper -plugin-opt=-fresolution=/tmp/ccJWP8Js.res -plugin-opt=-pass-through=-lgcc_s -plugin-opt=-pass-through=-lgcc -plugin-opt=-pass-through=-lc -plugin-opt=-pass-through=-lgcc_s -plugin-opt=-pass-through=-lgcc --sysroot=/opt/software/gcc-linaro-5.4.1-2017.05-x86_64_arm-linux-gnueabihf/bin/../arm-linux-gnueabihf/libc --build-id --eh-frame-hdr -dynamic-linker /lib/ld-linux-armhf.so.3 -X -m armelf_linux_eabi -o cmTC_d3858 /opt/software/gcc-linaro-5.4.1-2017.05-x86_64_arm-linux-gnueabihf/bin/../arm-linux-gnueabihf/libc/usr/lib/crt1.o /opt/software/gcc-linaro-5.4.1-2017.05-x86_64_arm-linux-gnueabihf/bin/../arm-linux-gnueabihf/libc/usr/lib/crti.o /opt/software/gcc-linaro-5.4.1-2017.05-x86_64_arm-linux-gnueabihf/bin/../lib/gcc/arm-linux-gnueabihf/5.4.1/crtbegin.o -L/opt/software/gcc-linaro-5.4.1-2017.05-x86_64_arm-linux-gnueabihf/bin/../lib/gcc/arm-linux-gnueabihf/5.4.1 -L/opt/software/gcc-linaro-5.4.1-2017.05-x86_64_arm-linux-gnueabihf/bin/../lib/gcc/arm-linux-gnueabihf -L/opt/software/gcc-linaro-5.4.1-2017.05-x86_64_arm-linux-gnueabihf/bin/../lib/gcc -L/opt/software/gcc-linaro-5.4.1-2017.05-x86_64_arm-linux-gnueabihf/bin/../lib/gcc/arm-linux-gnueabihf/5.4.1/../../../../arm-linux-gnueabihf/lib -L/opt/software/gcc-linaro-5.4.1-2017.05-x86_64_arm-linux-gnueabihf/bin/../arm-linux-gnueabihf/libc/lib -L/opt/software/gcc-linaro-5.4.1-2017.05-x86_64_arm-linux-gnueabihf/bin/../arm-linux-gnueabihf/libc/usr/lib CMakeFiles/cmTC_d3858.dir/CMakeCXXCompilerABI.cpp.o -lstdc++ -lm -lgcc_s -lgcc -lc -lgcc_s -lgcc /opt/software/gcc-linaro-5.4.1-2017.05-x86_64_arm-linux-gnueabihf/bin/../lib/gcc/arm-linux-gnueabihf/5.4.1/crtend.o /opt/software/gcc-linaro-5.4.1-2017.05-x86_64_arm-linux-gnueabihf/bin/../arm-linux-gnueabihf/libc/usr/lib/crtn.o]
    arg [/opt/software/gcc-linaro-5.4.1-2017.05-x86_64_arm-linux-gnueabihf/bin/../libexec/gcc/arm-linux-gnueabihf/5.4.1/collect2] ==> ignore
    arg [-plugin] ==> ignore
    arg [/opt/software/gcc-linaro-5.4.1-2017.05-x86_64_arm-linux-gnueabihf/bin/../libexec/gcc/arm-linux-gnueabihf/5.4.1/liblto_plugin.so] ==> ignore
    arg [-plugin-opt=/opt/software/gcc-linaro-5.4.1-2017.05-x86_64_arm-linux-gnueabihf/bin/../libexec/gcc/arm-linux-gnueabihf/5.4.1/lto-wrapper] ==> ignore
    arg [-plugin-opt=-fresolution=/tmp/ccJWP8Js.res] ==> ignore
    arg [-plugin-opt=-pass-through=-lgcc_s] ==> ignore
    arg [-plugin-opt=-pass-through=-lgcc] ==> ignore
    arg [-plugin-opt=-pass-through=-lc] ==> ignore
    arg [-plugin-opt=-pass-through=-lgcc_s] ==> ignore
    arg [-plugin-opt=-pass-through=-lgcc] ==> ignore
    arg [--sysroot=/opt/software/gcc-linaro-5.4.1-2017.05-x86_64_arm-linux-gnueabihf/bin/../arm-linux-gnueabihf/libc] ==> ignore
    arg [--build-id] ==> ignore
    arg [--eh-frame-hdr] ==> ignore
    arg [-dynamic-linker] ==> ignore
    arg [/lib/ld-linux-armhf.so.3] ==> ignore
    arg [-X] ==> ignore
    arg [-m] ==> ignore
    arg [armelf_linux_eabi] ==> ignore
    arg [-o] ==> ignore
    arg [cmTC_d3858] ==> ignore
    arg [/opt/software/gcc-linaro-5.4.1-2017.05-x86_64_arm-linux-gnueabihf/bin/../arm-linux-gnueabihf/libc/usr/lib/crt1.o] ==> ignore
    arg [/opt/software/gcc-linaro-5.4.1-2017.05-x86_64_arm-linux-gnueabihf/bin/../arm-linux-gnueabihf/libc/usr/lib/crti.o] ==> ignore
    arg [/opt/software/gcc-linaro-5.4.1-2017.05-x86_64_arm-linux-gnueabihf/bin/../lib/gcc/arm-linux-gnueabihf/5.4.1/crtbegin.o] ==> ignore
    arg [-L/opt/software/gcc-linaro-5.4.1-2017.05-x86_64_arm-linux-gnueabihf/bin/../lib/gcc/arm-linux-gnueabihf/5.4.1] ==> dir [/opt/software/gcc-linaro-5.4.1-2017.05-x86_64_arm-linux-gnueabihf/bin/../lib/gcc/arm-linux-gnueabihf/5.4.1]
    arg [-L/opt/software/gcc-linaro-5.4.1-2017.05-x86_64_arm-linux-gnueabihf/bin/../lib/gcc/arm-linux-gnueabihf] ==> dir [/opt/software/gcc-linaro-5.4.1-2017.05-x86_64_arm-linux-gnueabihf/bin/../lib/gcc/arm-linux-gnueabihf]
    arg [-L/opt/software/gcc-linaro-5.4.1-2017.05-x86_64_arm-linux-gnueabihf/bin/../lib/gcc] ==> dir [/opt/software/gcc-linaro-5.4.1-2017.05-x86_64_arm-linux-gnueabihf/bin/../lib/gcc]
    arg [-L/opt/software/gcc-linaro-5.4.1-2017.05-x86_64_arm-linux-gnueabihf/bin/../lib/gcc/arm-linux-gnueabihf/5.4.1/../../../../arm-linux-gnueabihf/lib] ==> dir [/opt/software/gcc-linaro-5.4.1-2017.05-x86_64_arm-linux-gnueabihf/bin/../lib/gcc/arm-linux-gnueabihf/5.4.1/../../../../arm-linux-gnueabihf/lib]
    arg [-L/opt/software/gcc-linaro-5.4.1-2017.05-x86_64_arm-linux-gnueabihf/bin/../arm-linux-gnueabihf/libc/lib] ==> dir [/opt/software/gcc-linaro-5.4.1-2017.05-x86_64_arm-linux-gnueabihf/bin/../arm-linux-gnueabihf/libc/lib]
    arg [-L/opt/software/gcc-linaro-5.4.1-2017.05-x86_64_arm-linux-gnueabihf/bin/../arm-linux-gnueabihf/libc/usr/lib] ==> dir [/opt/software/gcc-linaro-5.4.1-2017.05-x86_64_arm-linux-gnueabihf/bin/../arm-linux-gnueabihf/libc/usr/lib]
    arg [CMakeFiles/cmTC_d3858.dir/CMakeCXXCompilerABI.cpp.o] ==> ignore
    arg [-lstdc++] ==> lib [stdc++]
    arg [-lm] ==> lib [m]
    arg [-lgcc_s] ==> lib [gcc_s]
    arg [-lgcc] ==> lib [gcc]
    arg [-lc] ==> lib [c]
    arg [-lgcc_s] ==> lib [gcc_s]
    arg [-lgcc] ==> lib [gcc]
    arg [/opt/software/gcc-linaro-5.4.1-2017.05-x86_64_arm-linux-gnueabihf/bin/../lib/gcc/arm-linux-gnueabihf/5.4.1/crtend.o] ==> ignore
    arg [/opt/software/gcc-linaro-5.4.1-2017.05-x86_64_arm-linux-gnueabihf/bin/../arm-linux-gnueabihf/libc/usr/lib/crtn.o] ==> ignore
  collapse library dir [/opt/software/gcc-linaro-5.4.1-2017.05-x86_64_arm-linux-gnueabihf/bin/../lib/gcc/arm-linux-gnueabihf/5.4.1] ==> [/opt/software/gcc-linaro-5.4.1-2017.05-x86_64_arm-linux-gnueabihf/lib/gcc/arm-linux-gnueabihf/5.4.1]
  collapse library dir [/opt/software/gcc-linaro-5.4.1-2017.05-x86_64_arm-linux-gnueabihf/bin/../lib/gcc/arm-linux-gnueabihf] ==> [/opt/software/gcc-linaro-5.4.1-2017.05-x86_64_arm-linux-gnueabihf/lib/gcc/arm-linux-gnueabihf]
  collapse library dir [/opt/software/gcc-linaro-5.4.1-2017.05-x86_64_arm-linux-gnueabihf/bin/../lib/gcc] ==> [/opt/software/gcc-linaro-5.4.1-2017.05-x86_64_arm-linux-gnueabihf/lib/gcc]
  collapse library dir [/opt/software/gcc-linaro-5.4.1-2017.05-x86_64_arm-linux-gnueabihf/bin/../lib/gcc/arm-linux-gnueabihf/5.4.1/../../../../arm-linux-gnueabihf/lib] ==> [/opt/software/gcc-linaro-5.4.1-2017.05-x86_64_arm-linux-gnueabihf/arm-linux-gnueabihf/lib]
  collapse library dir [/opt/software/gcc-linaro-5.4.1-2017.05-x86_64_arm-linux-gnueabihf/bin/../arm-linux-gnueabihf/libc/lib] ==> [/opt/software/gcc-linaro-5.4.1-2017.05-x86_64_arm-linux-gnueabihf/arm-linux-gnueabihf/libc/lib]
  collapse library dir [/opt/software/gcc-linaro-5.4.1-2017.05-x86_64_arm-linux-gnueabihf/bin/../arm-linux-gnueabihf/libc/usr/lib] ==> [/opt/software/gcc-linaro-5.4.1-2017.05-x86_64_arm-linux-gnueabihf/arm-linux-gnueabihf/libc/usr/lib]
  implicit libs: [stdc++;m;gcc_s;gcc;c;gcc_s;gcc]
  implicit dirs: [/opt/software/gcc-linaro-5.4.1-2017.05-x86_64_arm-linux-gnueabihf/lib/gcc/arm-linux-gnueabihf/5.4.1;/opt/software/gcc-linaro-5.4.1-2017.05-x86_64_arm-linux-gnueabihf/lib/gcc/arm-linux-gnueabihf;/opt/software/gcc-linaro-5.4.1-2017.05-x86_64_arm-linux-gnueabihf/lib/gcc;/opt/software/gcc-linaro-5.4.1-2017.05-x86_64_arm-linux-gnueabihf/arm-linux-gnueabihf/lib;/opt/software/gcc-linaro-5.4.1-2017.05-x86_64_arm-linux-gnueabihf/arm-linux-gnueabihf/libc/lib;/opt/software/gcc-linaro-5.4.1-2017.05-x86_64_arm-linux-gnueabihf/arm-linux-gnueabihf/libc/usr/lib]
  implicit fwks: []




Detecting CXX [-std=c++1z] compiler features compiled with the following output:
Change Dir: /opt/nna/intelfpga_sdk/lib/build/CMakeFiles/CMakeTmp

Run Build Command:"/usr/bin/gmake" "cmTC_b9639/fast"
/usr/bin/gmake -f CMakeFiles/cmTC_b9639.dir/build.make CMakeFiles/cmTC_b9639.dir/build
gmake[1]: Entering directory `/opt/nna/intelfpga_sdk/lib/build/CMakeFiles/CMakeTmp'
Building CXX object CMakeFiles/cmTC_b9639.dir/feature_tests.cxx.o
/opt/software/gcc-linaro-5.4.1-2017.05-x86_64_arm-linux-gnueabihf/bin/arm-linux-gnueabihf-g++    -std=c++1z -o CMakeFiles/cmTC_b9639.dir/feature_tests.cxx.o -c /opt/nna/intelfpga_sdk/lib/build/CMakeFiles/feature_tests.cxx
Linking CXX executable cmTC_b9639
/opt/software/cmake-3.10.3-Linux-x86_64/bin/cmake -E cmake_link_script CMakeFiles/cmTC_b9639.dir/link.txt --verbose=1
/opt/software/gcc-linaro-5.4.1-2017.05-x86_64_arm-linux-gnueabihf/bin/arm-linux-gnueabihf-g++       CMakeFiles/cmTC_b9639.dir/feature_tests.cxx.o  -o cmTC_b9639 
gmake[1]: Leaving directory `/opt/nna/intelfpga_sdk/lib/build/CMakeFiles/CMakeTmp'


    Feature record: CXX_FEATURE:1cxx_aggregate_default_initializers
    Feature record: CXX_FEATURE:1cxx_alias_templates
    Feature record: CXX_FEATURE:1cxx_alignas
    Feature record: CXX_FEATURE:1cxx_alignof
    Feature record: CXX_FEATURE:1cxx_attributes
    Feature record: CXX_FEATURE:1cxx_attribute_deprecated
    Feature record: CXX_FEATURE:1cxx_auto_type
    Feature record: CXX_FEATURE:1cxx_binary_literals
    Feature record: CXX_FEATURE:1cxx_constexpr
    Feature record: CXX_FEATURE:1cxx_contextual_conversions
    Feature record: CXX_FEATURE:1cxx_decltype
    Feature record: CXX_FEATURE:1cxx_decltype_auto
    Feature record: CXX_FEATURE:1cxx_decltype_incomplete_return_types
    Feature record: CXX_FEATURE:1cxx_default_function_template_args
    Feature record: CXX_FEATURE:1cxx_defaulted_functions
    Feature record: CXX_FEATURE:1cxx_defaulted_move_initializers
    Feature record: CXX_FEATURE:1cxx_delegating_constructors
    Feature record: CXX_FEATURE:1cxx_deleted_functions
    Feature record: CXX_FEATURE:1cxx_digit_separators
    Feature record: CXX_FEATURE:1cxx_enum_forward_declarations
    Feature record: CXX_FEATURE:1cxx_explicit_conversions
    Feature record: CXX_FEATURE:1cxx_extended_friend_declarations
    Feature record: CXX_FEATURE:1cxx_extern_templates
    Feature record: CXX_FEATURE:1cxx_final
    Feature record: CXX_FEATURE:1cxx_func_identifier
    Feature record: CXX_FEATURE:1cxx_generalized_initializers
    Feature record: CXX_FEATURE:1cxx_generic_lambdas
    Feature record: CXX_FEATURE:1cxx_inheriting_constructors
    Feature record: CXX_FEATURE:1cxx_inline_namespaces
    Feature record: CXX_FEATURE:1cxx_lambdas
    Feature record: CXX_FEATURE:1cxx_lambda_init_captures
    Feature record: CXX_FEATURE:1cxx_local_type_template_args
    Feature record: CXX_FEATURE:1cxx_long_long_type
    Feature record: CXX_FEATURE:1cxx_noexcept
    Feature record: CXX_FEATURE:1cxx_nonstatic_member_init
    Feature record: CXX_FEATURE:1cxx_nullptr
    Feature record: CXX_FEATURE:1cxx_override
    Feature record: CXX_FEATURE:1cxx_range_for
    Feature record: CXX_FEATURE:1cxx_raw_string_literals
    Feature record: CXX_FEATURE:1cxx_reference_qualified_functions
    Feature record: CXX_FEATURE:1cxx_relaxed_constexpr
    Feature record: CXX_FEATURE:1cxx_return_type_deduction
    Feature record: CXX_FEATURE:1cxx_right_angle_brackets
    Feature record: CXX_FEATURE:1cxx_rvalue_references
    Feature record: CXX_FEATURE:1cxx_sizeof_member
    Feature record: CXX_FEATURE:1cxx_static_assert
    Feature record: CXX_FEATURE:1cxx_strong_enums
    Feature record: CXX_FEATURE:1cxx_template_template_parameters
    Feature record: CXX_FEATURE:1cxx_thread_local
    Feature record: CXX_FEATURE:1cxx_trailing_return_types
    Feature record: CXX_FEATURE:1cxx_unicode_literals
    Feature record: CXX_FEATURE:1cxx_uniform_initialization
    Feature record: CXX_FEATURE:1cxx_unrestricted_unions
    Feature record: CXX_FEATURE:1cxx_user_literals
    Feature record: CXX_FEATURE:1cxx_variable_templates
    Feature record: CXX_FEATURE:1cxx_variadic_macros
    Feature record: CXX_FEATURE:1cxx_variadic_templates


Detecting CXX [-std=c++14] compiler features compiled with the following output:
Change Dir: /opt/nna/intelfpga_sdk/lib/build/CMakeFiles/CMakeTmp

Run Build Command:"/usr/bin/gmake" "cmTC_928c4/fast"
/usr/bin/gmake -f CMakeFiles/cmTC_928c4.dir/build.make CMakeFiles/cmTC_928c4.dir/build
gmake[1]: Entering directory `/opt/nna/intelfpga_sdk/lib/build/CMakeFiles/CMakeTmp'
Building CXX object CMakeFiles/cmTC_928c4.dir/feature_tests.cxx.o
/opt/software/gcc-linaro-5.4.1-2017.05-x86_64_arm-linux-gnueabihf/bin/arm-linux-gnueabihf-g++    -std=c++14 -o CMakeFiles/cmTC_928c4.dir/feature_tests.cxx.o -c /opt/nna/intelfpga_sdk/lib/build/CMakeFiles/feature_tests.cxx
Linking CXX executable cmTC_928c4
/opt/software/cmake-3.10.3-Linux-x86_64/bin/cmake -E cmake_link_script CMakeFiles/cmTC_928c4.dir/link.txt --verbose=1
/opt/software/gcc-linaro-5.4.1-2017.05-x86_64_arm-linux-gnueabihf/bin/arm-linux-gnueabihf-g++       CMakeFiles/cmTC_928c4.dir/feature_tests.cxx.o  -o cmTC_928c4 
gmake[1]: Leaving directory `/opt/nna/intelfpga_sdk/lib/build/CMakeFiles/CMakeTmp'


    Feature record: CXX_FEATURE:1cxx_aggregate_default_initializers
    Feature record: CXX_FEATURE:1cxx_alias_templates
    Feature record: CXX_FEATURE:1cxx_alignas
    Feature record: CXX_FEATURE:1cxx_alignof
    Feature record: CXX_FEATURE:1cxx_attributes
    Feature record: CXX_FEATURE:1cxx_attribute_deprecated
    Feature record: CXX_FEATURE:1cxx_auto_type
    Feature record: CXX_FEATURE:1cxx_binary_literals
    Feature record: CXX_FEATURE:1cxx_constexpr
    Feature record: CXX_FEATURE:1cxx_contextual_conversions
    Feature record: CXX_FEATURE:1cxx_decltype
    Feature record: CXX_FEATURE:1cxx_decltype_auto
    Feature record: CXX_FEATURE:1cxx_decltype_incomplete_return_types
    Feature record: CXX_FEATURE:1cxx_default_function_template_args
    Feature record: CXX_FEATURE:1cxx_defaulted_functions
    Feature record: CXX_FEATURE:1cxx_defaulted_move_initializers
    Feature record: CXX_FEATURE:1cxx_delegating_constructors
    Feature record: CXX_FEATURE:1cxx_deleted_functions
    Feature record: CXX_FEATURE:1cxx_digit_separators
    Feature record: CXX_FEATURE:1cxx_enum_forward_declarations
    Feature record: CXX_FEATURE:1cxx_explicit_conversions
    Feature record: CXX_FEATURE:1cxx_extended_friend_declarations
    Feature record: CXX_FEATURE:1cxx_extern_templates
    Feature record: CXX_FEATURE:1cxx_final
    Feature record: CXX_FEATURE:1cxx_func_identifier
    Feature record: CXX_FEATURE:1cxx_generalized_initializers
    Feature record: CXX_FEATURE:1cxx_generic_lambdas
    Feature record: CXX_FEATURE:1cxx_inheriting_constructors
    Feature record: CXX_FEATURE:1cxx_inline_namespaces
    Feature record: CXX_FEATURE:1cxx_lambdas
    Feature record: CXX_FEATURE:1cxx_lambda_init_captures
    Feature record: CXX_FEATURE:1cxx_local_type_template_args
    Feature record: CXX_FEATURE:1cxx_long_long_type
    Feature record: CXX_FEATURE:1cxx_noexcept
    Feature record: CXX_FEATURE:1cxx_nonstatic_member_init
    Feature record: CXX_FEATURE:1cxx_nullptr
    Feature record: CXX_FEATURE:1cxx_override
    Feature record: CXX_FEATURE:1cxx_range_for
    Feature record: CXX_FEATURE:1cxx_raw_string_literals
    Feature record: CXX_FEATURE:1cxx_reference_qualified_functions
    Feature record: CXX_FEATURE:1cxx_relaxed_constexpr
    Feature record: CXX_FEATURE:1cxx_return_type_deduction
    Feature record: CXX_FEATURE:1cxx_right_angle_brackets
    Feature record: CXX_FEATURE:1cxx_rvalue_references
    Feature record: CXX_FEATURE:1cxx_sizeof_member
    Feature record: CXX_FEATURE:1cxx_static_assert
    Feature record: CXX_FEATURE:1cxx_strong_enums
    Feature record: CXX_FEATURE:1cxx_template_template_parameters
    Feature record: CXX_FEATURE:1cxx_thread_local
    Feature record: CXX_FEATURE:1cxx_trailing_return_types
    Feature record: CXX_FEATURE:1cxx_unicode_literals
    Feature record: CXX_FEATURE:1cxx_uniform_initialization
    Feature record: CXX_FEATURE:1cxx_unrestricted_unions
    Feature record: CXX_FEATURE:1cxx_user_literals
    Feature record: CXX_FEATURE:1cxx_variable_templates
    Feature record: CXX_FEATURE:1cxx_variadic_macros
    Feature record: CXX_FEATURE:1cxx_variadic_templates


Detecting CXX [-std=c++11] compiler features compiled with the following output:
Change Dir: /opt/nna/intelfpga_sdk/lib/build/CMakeFiles/CMakeTmp

Run Build Command:"/usr/bin/gmake" "cmTC_9a9e9/fast"
/usr/bin/gmake -f CMakeFiles/cmTC_9a9e9.dir/build.make CMakeFiles/cmTC_9a9e9.dir/build
gmake[1]: Entering directory `/opt/nna/intelfpga_sdk/lib/build/CMakeFiles/CMakeTmp'
Building CXX object CMakeFiles/cmTC_9a9e9.dir/feature_tests.cxx.o
/opt/software/gcc-linaro-5.4.1-2017.05-x86_64_arm-linux-gnueabihf/bin/arm-linux-gnueabihf-g++    -std=c++11 -o CMakeFiles/cmTC_9a9e9.dir/feature_tests.cxx.o -c /opt/nna/intelfpga_sdk/lib/build/CMakeFiles/feature_tests.cxx
Linking CXX executable cmTC_9a9e9
/opt/software/cmake-3.10.3-Linux-x86_64/bin/cmake -E cmake_link_script CMakeFiles/cmTC_9a9e9.dir/link.txt --verbose=1
/opt/software/gcc-linaro-5.4.1-2017.05-x86_64_arm-linux-gnueabihf/bin/arm-linux-gnueabihf-g++       CMakeFiles/cmTC_9a9e9.dir/feature_tests.cxx.o  -o cmTC_9a9e9 
gmake[1]: Leaving directory `/opt/nna/intelfpga_sdk/lib/build/CMakeFiles/CMakeTmp'


    Feature record: CXX_FEATURE:0cxx_aggregate_default_initializers
    Feature record: CXX_FEATURE:1cxx_alias_templates
    Feature record: CXX_FEATURE:1cxx_alignas
    Feature record: CXX_FEATURE:1cxx_alignof
    Feature record: CXX_FEATURE:1cxx_attributes
    Feature record: CXX_FEATURE:0cxx_attribute_deprecated
    Feature record: CXX_FEATURE:1cxx_auto_type
    Feature record: CXX_FEATURE:0cxx_binary_literals
    Feature record: CXX_FEATURE:1cxx_constexpr
    Feature record: CXX_FEATURE:0cxx_contextual_conversions
    Feature record: CXX_FEATURE:1cxx_decltype
    Feature record: CXX_FEATURE:0cxx_decltype_auto
    Feature record: CXX_FEATURE:1cxx_decltype_incomplete_return_types
    Feature record: CXX_FEATURE:1cxx_default_function_template_args
    Feature record: CXX_FEATURE:1cxx_defaulted_functions
    Feature record: CXX_FEATURE:1cxx_defaulted_move_initializers
    Feature record: CXX_FEATURE:1cxx_delegating_constructors
    Feature record: CXX_FEATURE:1cxx_deleted_functions
    Feature record: CXX_FEATURE:0cxx_digit_separators
    Feature record: CXX_FEATURE:1cxx_enum_forward_declarations
    Feature record: CXX_FEATURE:1cxx_explicit_conversions
    Feature record: CXX_FEATURE:1cxx_extended_friend_declarations
    Feature record: CXX_FEATURE:1cxx_extern_templates
    Feature record: CXX_FEATURE:1cxx_final
    Feature record: CXX_FEATURE:1cxx_func_identifier
    Feature record: CXX_FEATURE:1cxx_generalized_initializers
    Feature record: CXX_FEATURE:0cxx_generic_lambdas
    Feature record: CXX_FEATURE:1cxx_inheriting_constructors
    Feature record: CXX_FEATURE:1cxx_inline_namespaces
    Feature record: CXX_FEATURE:1cxx_lambdas
    Feature record: CXX_FEATURE:0cxx_lambda_init_captures
    Feature record: CXX_FEATURE:1cxx_local_type_template_args
    Feature record: CXX_FEATURE:1cxx_long_long_type
    Feature record: CXX_FEATURE:1cxx_noexcept
    Feature record: CXX_FEATURE:1cxx_nonstatic_member_init
    Feature record: CXX_FEATURE:1cxx_nullptr
    Feature record: CXX_FEATURE:1cxx_override
    Feature record: CXX_FEATURE:1cxx_range_for
    Feature record: CXX_FEATURE:1cxx_raw_string_literals
    Feature record: CXX_FEATURE:1cxx_reference_qualified_functions
    Feature record: CXX_FEATURE:0cxx_relaxed_constexpr
    Feature record: CXX_FEATURE:0cxx_return_type_deduction
    Feature record: CXX_FEATURE:1cxx_right_angle_brackets
    Feature record: CXX_FEATURE:1cxx_rvalue_references
    Feature record: CXX_FEATURE:1cxx_sizeof_member
    Feature record: CXX_FEATURE:1cxx_static_assert
    Feature record: CXX_FEATURE:1cxx_strong_enums
    Feature record: CXX_FEATURE:1cxx_template_template_parameters
    Feature record: CXX_FEATURE:1cxx_thread_local
    Feature record: CXX_FEATURE:1cxx_trailing_return_types
    Feature record: CXX_FEATURE:1cxx_unicode_literals
    Feature record: CXX_FEATURE:1cxx_uniform_initialization
    Feature record: CXX_FEATURE:1cxx_unrestricted_unions
    Feature record: CXX_FEATURE:1cxx_user_literals
    Feature record: CXX_FEATURE:0cxx_variable_templates
    Feature record: CXX_FEATURE:1cxx_variadic_macros
    Feature record: CXX_FEATURE:1cxx_variadic_templates


Detecting CXX [-std=c++98] compiler features compiled with the following output:
Change Dir: /opt/nna/intelfpga_sdk/lib/build/CMakeFiles/CMakeTmp

Run Build Command:"/usr/bin/gmake" "cmTC_09064/fast"
/usr/bin/gmake -f CMakeFiles/cmTC_09064.dir/build.make CMakeFiles/cmTC_09064.dir/build
gmake[1]: Entering directory `/opt/nna/intelfpga_sdk/lib/build/CMakeFiles/CMakeTmp'
Building CXX object CMakeFiles/cmTC_09064.dir/feature_tests.cxx.o
/opt/software/gcc-linaro-5.4.1-2017.05-x86_64_arm-linux-gnueabihf/bin/arm-linux-gnueabihf-g++    -std=c++98 -o CMakeFiles/cmTC_09064.dir/feature_tests.cxx.o -c /opt/nna/intelfpga_sdk/lib/build/CMakeFiles/feature_tests.cxx
Linking CXX executable cmTC_09064
/opt/software/cmake-3.10.3-Linux-x86_64/bin/cmake -E cmake_link_script CMakeFiles/cmTC_09064.dir/link.txt --verbose=1
/opt/software/gcc-linaro-5.4.1-2017.05-x86_64_arm-linux-gnueabihf/bin/arm-linux-gnueabihf-g++       CMakeFiles/cmTC_09064.dir/feature_tests.cxx.o  -o cmTC_09064 
gmake[1]: Leaving directory `/opt/nna/intelfpga_sdk/lib/build/CMakeFiles/CMakeTmp'


    Feature record: CXX_FEATURE:0cxx_aggregate_default_initializers
    Feature record: CXX_FEATURE:0cxx_alias_templates
    Feature record: CXX_FEATURE:0cxx_alignas
    Feature record: CXX_FEATURE:0cxx_alignof
    Feature record: CXX_FEATURE:0cxx_attributes
    Feature record: CXX_FEATURE:0cxx_attribute_deprecated
    Feature record: CXX_FEATURE:0cxx_auto_type
    Feature record: CXX_FEATURE:0cxx_binary_literals
    Feature record: CXX_FEATURE:0cxx_constexpr
    Feature record: CXX_FEATURE:0cxx_contextual_conversions
    Feature record: CXX_FEATURE:0cxx_decltype
    Feature record: CXX_FEATURE:0cxx_decltype_auto
    Feature record: CXX_FEATURE:0cxx_decltype_incomplete_return_types
    Feature record: CXX_FEATURE:0cxx_default_function_template_args
    Feature record: CXX_FEATURE:0cxx_defaulted_functions
    Feature record: CXX_FEATURE:0cxx_defaulted_move_initializers
    Feature record: CXX_FEATURE:0cxx_delegating_constructors
    Feature record: CXX_FEATURE:0cxx_deleted_functions
    Feature record: CXX_FEATURE:0cxx_digit_separators
    Feature record: CXX_FEATURE:0cxx_enum_forward_declarations
    Feature record: CXX_FEATURE:0cxx_explicit_conversions
    Feature record: CXX_FEATURE:0cxx_extended_friend_declarations
    Feature record: CXX_FEATURE:0cxx_extern_templates
    Feature record: CXX_FEATURE:0cxx_final
    Feature record: CXX_FEATURE:0cxx_func_identifier
    Feature record: CXX_FEATURE:0cxx_generalized_initializers
    Feature record: CXX_FEATURE:0cxx_generic_lambdas
    Feature record: CXX_FEATURE:0cxx_inheriting_constructors
    Feature record: CXX_FEATURE:0cxx_inline_namespaces
    Feature record: CXX_FEATURE:0cxx_lambdas
    Feature record: CXX_FEATURE:0cxx_lambda_init_captures
    Feature record: CXX_FEATURE:0cxx_local_type_template_args
    Feature record: CXX_FEATURE:0cxx_long_long_type
    Feature record: CXX_FEATURE:0cxx_noexcept
    Feature record: CXX_FEATURE:0cxx_nonstatic_member_init
    Feature record: CXX_FEATURE:0cxx_nullptr
    Feature record: CXX_FEATURE:0cxx_override
    Feature record: CXX_FEATURE:0cxx_range_for
    Feature record: CXX_FEATURE:0cxx_raw_string_literals
    Feature record: CXX_FEATURE:0cxx_reference_qualified_functions
    Feature record: CXX_FEATURE:0cxx_relaxed_constexpr
    Feature record: CXX_FEATURE:0cxx_return_type_deduction
    Feature record: CXX_FEATURE:0cxx_right_angle_brackets
    Feature record: CXX_FEATURE:0cxx_rvalue_references
    Feature record: CXX_FEATURE:0cxx_sizeof_member
    Feature record: CXX_FEATURE:0cxx_static_assert
    Feature record: CXX_FEATURE:0cxx_strong_enums
    Feature record: CXX_FEATURE:1cxx_template_template_parameters
    Feature record: CXX_FEATURE:0cxx_thread_local
    Feature record: CXX_FEATURE:0cxx_trailing_return_types
    Feature record: CXX_FEATURE:0cxx_unicode_literals
    Feature record: CXX_FEATURE:0cxx_uniform_initialization
    Feature record: CXX_FEATURE:0cxx_unrestricted_unions
    Feature record: CXX_FEATURE:0cxx_user_literals
    Feature record: CXX_FEATURE:0cxx_variable_templates
    Feature record: CXX_FEATURE:0cxx_variadic_macros
    Feature record: CXX_FEATURE:0cxx_variadic_templates
